build/app/intermediates/manifest_merge_blame_file/release/manifest-merger-blame-release-report.txt
1<?xml version="1.0" encoding="utf-8"?>
2<manifest xmlns:android="http://schemas.android.com/apk/res/android"
3    package="com.example.library_system"
4    android:versionCode="1"
5    android:versionName="1.0.0" >
6
7    <uses-sdk
8        android:minSdkVersion="21"
8-->src/main/AndroidManifest.xml
9        android:targetSdkVersion="30" />
9-->src/main/AndroidManifest.xml
10
11    <uses-permission android:name="android.permission.INTERNET" />
11-->[com.razorpay:checkout:1.6.10] AndroidManifest.xml:9:5-67
11-->[com.razorpay:checkout:1.6.10] AndroidManifest.xml:9:22-64
12
13    <application
13-->src/main/AndroidManifest.xml:3:4-40:19
14        android:appComponentFactory="androidx.core.app.CoreComponentFactory"
14-->[androidx.core:core:1.1.0] AndroidManifest.xml:24:18-86
15        android:icon="@mipmap/ic_launcher"
15-->src/main/AndroidManifest.xml:5:9-43
16        android:label="Pocket Library" >
16-->src/main/AndroidManifest.xml:4:9-39
17        <activity
17-->src/main/AndroidManifest.xml:6:9-34:20
18            android:name="com.example.library_system.MainActivity"
18-->src/main/AndroidManifest.xml:7:13-41
19            android:configChanges="orientation|keyboardHidden|keyboard|screenSize|smallestScreenSize|locale|layoutDirection|fontScale|screenLayout|density|uiMode"
19-->src/main/AndroidManifest.xml:10:13-163
20            android:hardwareAccelerated="true"
20-->src/main/AndroidManifest.xml:11:13-47
21            android:launchMode="singleTop"
21-->src/main/AndroidManifest.xml:8:13-43
22            android:theme="@style/LaunchTheme"
22-->src/main/AndroidManifest.xml:9:13-47
23            android:windowSoftInputMode="adjustResize" >
23-->src/main/AndroidManifest.xml:12:13-55
24
25            <!--
26                 Specifies an Android theme to apply to this Activity as soon as
27                 the Android process has started. This theme is visible to the user
28                 while the Flutter UI initializes. After that, this theme continues
29                 to determine the Window background behind the Flutter UI.
30            -->
31            <meta-data
31-->src/main/AndroidManifest.xml:17:13-20:17
32                android:name="io.flutter.embedding.android.NormalTheme"
32-->src/main/AndroidManifest.xml:18:15-70
33                android:resource="@style/NormalTheme" />
33-->src/main/AndroidManifest.xml:19:15-52
34            <!--
35                 Displays an Android View that continues showing the launch screen
36                 Drawable until Flutter paints its first frame, then this splash
37                 screen fades out. A splash screen is useful to avoid any visual
38                 gap between the end of Android's launch screen and the painting of
39                 Flutter's first frame.
40            -->
41            <meta-data
41-->src/main/AndroidManifest.xml:26:13-29:17
42                android:name="io.flutter.embedding.android.SplashScreenDrawable"
42-->src/main/AndroidManifest.xml:27:15-79
43                android:resource="@drawable/launch_background" />
43-->src/main/AndroidManifest.xml:28:15-61
44
45            <intent-filter>
45-->src/main/AndroidManifest.xml:30:13-33:29
46                <action android:name="android.intent.action.MAIN" />
46-->src/main/AndroidManifest.xml:31:17-68
46-->src/main/AndroidManifest.xml:31:25-66
47
48                <category android:name="android.intent.category.LAUNCHER" />
48-->src/main/AndroidManifest.xml:32:17-76
48-->src/main/AndroidManifest.xml:32:27-74
49            </intent-filter>
50        </activity>
51        <!--
52             Don't delete the meta-data below.
53             This is used by the Flutter tool to generate GeneratedPluginRegistrant.java
54        -->
55        <meta-data
55-->src/main/AndroidManifest.xml:37:9-39:33
56            android:name="flutterEmbedding"
56-->src/main/AndroidManifest.xml:38:13-44
57            android:value="2" />
57-->src/main/AndroidManifest.xml:39:13-30
58
59        <activity
59-->[:razorpay_flutter] AndroidManifest.xml:8:9-11:20
60            android:name="com.razorpay.CheckoutActivity"
60-->[:razorpay_flutter] AndroidManifest.xml:9:13-57
61            android:configChanges="keyboard|keyboardHidden|orientation|screenSize"
61-->[com.razorpay:checkout:1.6.10] AndroidManifest.xml:20:13-83
62            android:label="Razorpay Checkout"
62-->[:razorpay_flutter] AndroidManifest.xml:10:13-46
63            android:theme="@style/CheckoutTheme" >
63-->[com.razorpay:checkout:1.6.10] AndroidManifest.xml:21:13-49
64            <intent-filter>
64-->[com.razorpay:checkout:1.6.10] AndroidManifest.xml:22:13-28:29
65                <action android:name="android.intent.action.MAIN" />
65-->src/main/AndroidManifest.xml:31:17-68
65-->src/main/AndroidManifest.xml:31:25-66
66
67                <data
67-->[com.razorpay:checkout:1.6.10] AndroidManifest.xml:25:17-27:47
68                    android:host="rzp.io"
68-->[com.razorpay:checkout:1.6.10] AndroidManifest.xml:26:21-42
69                    android:scheme="io.rzp" />
69-->[com.razorpay:checkout:1.6.10] AndroidManifest.xml:27:21-44
70            </intent-filter>
71        </activity>
72
73        <receiver android:name="com.razorpay.RzpTokenReceiver" >
73-->[com.razorpay:checkout:1.6.10] AndroidManifest.xml:12:9-16:20
73-->[com.razorpay:checkout:1.6.10] AndroidManifest.xml:12:19-63
74            <intent-filter>
74-->[com.razorpay:checkout:1.6.10] AndroidManifest.xml:13:13-15:29
75                <action android:name="rzp.device_token.share" />
75-->[com.razorpay:checkout:1.6.10] AndroidManifest.xml:14:17-65
75-->[com.razorpay:checkout:1.6.10] AndroidManifest.xml:14:25-62
76            </intent-filter>
77        </receiver>
78
79        <activity
79-->[com.google.android.gms:play-services-auth:17.0.0] AndroidManifest.xml:23:9-27:75
80            android:name="com.google.android.gms.auth.api.signin.internal.SignInHubActivity"
80-->[com.google.android.gms:play-services-auth:17.0.0] AndroidManifest.xml:24:13-93
81            android:excludeFromRecents="true"
81-->[com.google.android.gms:play-services-auth:17.0.0] AndroidManifest.xml:25:13-46
82            android:exported="false"
82-->[com.google.android.gms:play-services-auth:17.0.0] AndroidManifest.xml:26:13-37
83            android:theme="@android:style/Theme.Translucent.NoTitleBar" />
83-->[com.google.android.gms:play-services-auth:17.0.0] AndroidManifest.xml:27:13-72
84        <!--
85            Service handling Google Sign-In user revocation. For apps that do not integrate with
86            Google Sign-In, this service will never be started.
87        -->
88        <service
88-->[com.google.android.gms:play-services-auth:17.0.0] AndroidManifest.xml:33:9-36:110
89            android:name="com.google.android.gms.auth.api.signin.RevocationBoundService"
89-->[com.google.android.gms:play-services-auth:17.0.0] AndroidManifest.xml:34:13-89
90            android:exported="true"
90-->[com.google.android.gms:play-services-auth:17.0.0] AndroidManifest.xml:35:13-36
91            android:permission="com.google.android.gms.auth.api.signin.permission.REVOCATION_NOTIFICATION" />
91-->[com.google.android.gms:play-services-auth:17.0.0] AndroidManifest.xml:36:13-107
92
93        <activity
93-->[com.google.android.gms:play-services-base:17.0.0] AndroidManifest.xml:23:9-26:75
94            android:name="com.google.android.gms.common.api.GoogleApiActivity"
94-->[com.google.android.gms:play-services-base:17.0.0] AndroidManifest.xml:24:13-79
95            android:exported="false"
95-->[com.google.android.gms:play-services-base:17.0.0] AndroidManifest.xml:25:13-37
96            android:theme="@android:style/Theme.Translucent.NoTitleBar" />
96-->[com.google.android.gms:play-services-base:17.0.0] AndroidManifest.xml:26:13-72
97
98        <meta-data
98-->[com.google.android.gms:play-services-basement:17.0.0] AndroidManifest.xml:23:9-25:69
99            android:name="com.google.android.gms.version"
99-->[com.google.android.gms:play-services-basement:17.0.0] AndroidManifest.xml:24:13-58
100            android:value="@integer/google_play_services_version" />
100-->[com.google.android.gms:play-services-basement:17.0.0] AndroidManifest.xml:25:13-66
101    </application>
102
103</manifest>